<!DOCTYPE html PUBLIC "-//W3C//DTD XHTML 1.1//EN" "http://www.w3.org/TR/xhtml11/DTD/xhtml11.dtd">
<html xmlns="http://www.w3.org/1999/xhtml">
<head>
<meta http-equiv="content-type" content="text/html; charset=UTF-8"/>
<title>TestNG Report</title>
<style type="text/css">table {margin-bottom:10px;border-collapse:collapse;empty-cells:show}th,td {border:1px solid #009;padding:.25em .5em}th {vertical-align:bottom}td {vertical-align:top}table a {font-weight:bold}.stripe td {background-color: #E6EBF9}.num {text-align:right}.passedodd td {background-color: #3F3}.passedeven td {background-color: #0A0}.skippedodd td {background-color: #DDD}.skippedeven td {background-color: #CCC}.failedodd td,.attn {background-color: #F33}.failedeven td,.stripe .attn {background-color: #D00}.stacktrace {white-space:pre;font-family:monospace}.totop {font-size:85%;text-align:center;border-bottom:2px solid #000}.invisible {display:none}</style>
</head>
<body>
<table>
<tr><th>Test</th><th># Passed</th><th># Skipped</th><th># Failed</th><th>Time (ms)</th><th>Included Groups</th><th>Excluded Groups</th></tr>
<tr><th colspan="7">My Sample Suite</th></tr>
<tr><td><a href="#t0">Login Test</a></td><td class="num">0</td><td class="num attn">2</td><td class="num attn">1</td><td class="num">29,052</td><td></td><td></td></tr>
<tr class="stripe"><td><a href="#t1">Create Portfolio Test</a></td><td class="num">1</td><td class="num">0</td><td class="num">0</td><td class="num">15,867</td><td></td><td></td></tr>
<tr><td><a href="#t2">Add Stock Test</a></td><td class="num">1</td><td class="num">0</td><td class="num">0</td><td class="num">18,228</td><td></td><td></td></tr>
<tr><th>Total</th><th class="num">2</th><th class="num attn">2</th><th class="num attn">1</th><th class="num">63,147</th><th colspan="2"></th></tr>
</table>
<table id='summary'><thead><tr><th>Class</th><th>Method</th><th>Start</th><th>Time (ms)</th></tr></thead><tbody><tr><th colspan="4">My Sample Suite</th></tr></tbody><tbody id="t0"><tr><th colspan="4">Login Test &#8212; failed</th></tr><tr class="failedeven"><td rowspan="1">testcases.LoginTest</td><td><a href="#m0">doLogin</a></td><td rowspan="1">1570585054256</td><td rowspan="1">18062</td></tr><tr><th colspan="4">Login Test &#8212; skipped</th></tr><tr class="skippedeven"><td rowspan="2">testcases.LoginTest</td><td><a href="#m1">doLogin</a></td><td rowspan="2">1570585082635</td><td rowspan="2">3</td></tr><tr class="skippedeven"><td><a href="#m2">doLogin</a></td></tr></tbody>
<tbody id="t1"><tr><th colspan="4">Create Portfolio Test &#8212; passed</th></tr><tr class="passedeven"><td rowspan="1">testcases.CreatePortfolioTest</td><td><a href="#m3">doLogin</a></td><td rowspan="1">1570585083032</td><td rowspan="1">9914</td></tr></tbody>
<tbody id="t2"><tr><th colspan="4">Add Stock Test &#8212; passed</th></tr><tr class="passedeven"><td rowspan="1">testcases.AddStockTest</td><td><a href="#m4">doLogin</a></td><td rowspan="1">1570585098950</td><td rowspan="1">18097</td></tr></tbody>
</table>
<h2>Login Test</h2><h3 id="m0">testcases.LoginTest#doLogin</h3><table class="result"><tr class="param"><th>Parameter #1</th></tr><tr class="param stripe"><td>{Username=ashishthakur1983, ExpectedResult=Login_Failure, Password=pass@1234, Runmode=Y, Browser=Mozilla}</td></tr><tr><th>Exception</th></tr><tr><td><div class="stacktrace">java.lang.AssertionError: Got actual result as Login_Success
	at com.qtpselenium.keywords.GenericKeywords.reportFailure(GenericKeywords.java:111)
	at com.qtpselenium.keywords.AppKeywords.validateLogin(AppKeywords.java:39)
	at com.qtpselenium.driver.DriverScript.executeKeywords(DriverScript.java:52)
	at testcases.LoginTest.doLogin(LoginTest.java:50)
... Removed 26 stack frames</div></td></tr></table><p class="totop"><a href="#summary">back to summary</a></p>
<h3 id="m1">testcases.LoginTest#doLogin</h3><table class="result"><tr class="param"><th>Parameter #1</th></tr><tr class="param stripe"><td>{Username=U1, ExpectedResult=Login_Failure, Password=P1, Runmode=N, Browser=Edge}</td></tr><tr><th>Exception</th></tr><tr><td><div class="stacktrace">org.testng.SkipException: Skipping the test as Runmmode is N
	at testcases.LoginTest.doLogin(LoginTest.java:45)
... Removed 25 stack frames</div></td></tr></table><p class="totop"><a href="#summary">back to summary</a></p>
<h3 id="m2">testcases.LoginTest#doLogin</h3><table class="result"><tr class="param"><th>Parameter #1</th></tr><tr class="param stripe"><td>{Username=ashishthakur1983, ExpectedResult=Login_Success, Password=pass@1234, Runmode=N, Browser=Chrome}</td></tr><tr><th>Exception</th></tr><tr><td><div class="stacktrace">org.testng.SkipException: Skipping the test as Runmmode is N
	at testcases.LoginTest.doLogin(LoginTest.java:45)
... Removed 25 stack frames</div></td></tr></table><p class="totop"><a href="#summary">back to summary</a></p>
<h2>Create Portfolio Test</h2><h3 id="m3">testcases.CreatePortfolioTest#doLogin</h3><table class="result"><tr class="param"><th>Parameter #1</th></tr><tr class="param stripe"><td>{PortfolioName=Temp2019, Runmode=Y, Browser=Mozilla}</td></tr></table><p class="totop"><a href="#summary">back to summary</a></p>
<h2>Add Stock Test</h2><h3 id="m4">testcases.AddStockTest#doLogin</h3><table class="result"><tr class="param"><th>Parameter #1</th></tr><tr class="param stripe"><td>{PurchasePrice=500.0, Runmode=Y, Quantity=100.0, PurchaseDate=12-04-2019, StockName=Tata Steel Ltd, Browser=Mozilla}</td></tr></table><p class="totop"><a href="#summary">back to summary</a></p>
</body>
</html>
